13:31:22.412 [main] DEBUG io.vertx.core.logging.LoggerFactory -- Using io.vertx.core.logging.SLF4JLogDelegateFactory
13:31:22.433 [main] DEBUG io.netty.util.internal.logging.InternalLoggerFactory -- Using SLF4J as the default logging framework
13:31:22.433 [main] DEBUG io.netty.util.internal.PlatformDependent0 -- Java version: 17
13:31:22.433 [main] DEBUG io.netty.util.internal.PlatformDependent0 -- -Dio.netty.noUnsafe: false
13:31:22.433 [main] DEBUG io.netty.util.internal.PlatformDependent0 -- Thread.isVirtual() is not available: 
13:31:22.433 [main] DEBUG io.netty.util.internal.PlatformDependent0 -- java.lang.BaseVirtualThread is not available: 
13:31:22.434 [main] DEBUG io.netty.util.internal.PlatformDependent0 -- sun.misc.Unsafe.theUnsafe: available
13:31:22.434 [main] DEBUG io.netty.util.internal.PlatformDependent0 -- sun.misc.Unsafe base methods: all available
13:31:22.434 [main] DEBUG io.netty.util.internal.PlatformDependent0 -- sun.misc.Unsafe.storeFence: available
13:31:22.434 [main] DEBUG io.netty.util.internal.PlatformDependent0 -- java.nio.Buffer.address: available
13:31:22.434 [main] DEBUG io.netty.util.internal.PlatformDependent0 -- direct buffer constructor: unavailable: Reflective setAccessible(true) disabled
13:31:22.434 [main] DEBUG io.netty.util.internal.PlatformDependent0 -- java.nio.Bits.unaligned: available, true
13:31:22.435 [main] DEBUG io.netty.util.internal.PlatformDependent0 -- jdk.internal.misc.Unsafe.allocateUninitializedArray(int): unavailable: class io.netty.util.internal.PlatformDependent0$7 cannot access class jdk.internal.misc.Unsafe (in module java.base) because module java.base does not export jdk.internal.misc to unnamed module @4f933fd1
13:31:22.435 [main] DEBUG io.netty.util.internal.PlatformDependent0 -- java.nio.DirectByteBuffer.<init>(long, {int,long}): unavailable
13:31:22.435 [main] DEBUG io.netty.util.internal.PlatformDependent -- sun.misc.Unsafe: available
13:31:22.435 [main] DEBUG io.netty.util.internal.PlatformDependent -- -Dio.netty.tmpdir: /var/folders/0h/ys349yj94jsctm54dfz3zvdw0000gp/T (java.io.tmpdir)
13:31:22.435 [main] DEBUG io.netty.util.internal.PlatformDependent -- -Dio.netty.bitMode: 64 (sun.arch.data.model)
13:31:22.436 [main] DEBUG io.netty.util.internal.PlatformDependent -- Platform: MacOS
13:31:22.436 [main] DEBUG io.netty.util.internal.PlatformDependent -- -Dio.netty.maxDirectMemory: -1 bytes
13:31:22.436 [main] DEBUG io.netty.util.internal.PlatformDependent -- -Dio.netty.uninitializedArrayAllocationThreshold: -1
13:31:22.437 [main] DEBUG io.netty.util.internal.CleanerJava9 -- java.nio.ByteBuffer.cleaner(): available
13:31:22.437 [main] DEBUG io.netty.util.internal.PlatformDependent -- -Dio.netty.noPreferDirect: false
13:31:22.442 [main] DEBUG io.netty.util.ResourceLeakDetector -- -Dio.netty.leakDetection.level: simple
13:31:22.442 [main] DEBUG io.netty.util.ResourceLeakDetector -- -Dio.netty.leakDetection.targetRecords: 4
13:31:22.448 [main] DEBUG io.netty.channel.MultithreadEventLoopGroup -- -Dio.netty.eventLoopThreads: 28
13:31:22.451 [main] DEBUG io.netty.util.concurrent.GlobalEventExecutor -- -Dio.netty.globalEventExecutor.quietPeriodSeconds: 1
13:31:22.453 [main] DEBUG io.netty.util.internal.InternalThreadLocalMap -- -Dio.netty.threadLocalMap.stringBuilder.initialSize: 1024
13:31:22.453 [main] DEBUG io.netty.util.internal.InternalThreadLocalMap -- -Dio.netty.threadLocalMap.stringBuilder.maxSize: 4096
13:31:22.455 [main] DEBUG io.netty.channel.nio.NioEventLoop -- -Dio.netty.noKeySetOptimization: false
13:31:22.455 [main] DEBUG io.netty.channel.nio.NioEventLoop -- -Dio.netty.selectorAutoRebuildThreshold: 512
13:31:22.456 [main] DEBUG io.netty.util.internal.PlatformDependent -- org.jctools-core.MpscChunkedArrayQueue: available
13:31:22.462 [main] DEBUG io.netty.resolver.dns.DefaultDnsServerAddressStreamProvider -- Default DNS servers: [/192.168.48.99:53, /192.168.48.100:53] (sun.net.dns.ResolverConfiguration)
13:31:22.466 [main] DEBUG io.netty.util.NetUtil -- -Djava.net.preferIPv4Stack: false
13:31:22.466 [main] DEBUG io.netty.util.NetUtil -- -Djava.net.preferIPv6Addresses: false
13:31:22.468 [main] DEBUG io.netty.util.NetUtilInitializations -- Loopback interface: lo0 (lo0, 0:0:0:0:0:0:0:1%lo0)
13:31:22.469 [main] DEBUG io.netty.util.NetUtil -- Failed to get SOMAXCONN from sysctl and file /proc/sys/net/core/somaxconn. Default: 128
13:31:22.469 [main] DEBUG io.netty.resolver.dns.DnsNameResolver -- Default ResolvedAddressTypes: IPV4_ONLY
13:31:22.469 [main] DEBUG io.netty.resolver.dns.DnsNameResolver -- Localhost address: localhost/127.0.0.1
13:31:22.469 [main] DEBUG io.netty.resolver.dns.DnsNameResolver -- Windows hostname: null
13:31:22.470 [main] DEBUG io.netty.resolver.dns.DnsNameResolver -- Default search domains: []
13:31:22.471 [main] DEBUG io.netty.resolver.dns.DnsNameResolver -- Default UnixResolverOptions{ndots=1, timeout=5, attempts=16}
13:31:22.472 [main] DEBUG io.netty.resolver.DefaultHostsFileEntriesResolver -- -Dio.netty.hostsFileRefreshInterval: 0
13:31:22.474 [main] WARN io.netty.resolver.dns.DnsServerAddressStreamProviders -- Can not find io.netty.resolver.dns.macos.MacOSDnsServerAddressStreamProvider in the classpath, fallback to system defaults. This may result in incorrect DNS resolutions on MacOS. Check whether you have a dependency on 'io.netty:netty-resolver-dns-native-macos'
13:31:22.522 [vert.x-eventloop-thread-1] DEBUG io.netty.buffer.PooledByteBufAllocator -- -Dio.netty.allocator.numHeapArenas: 28
13:31:22.522 [vert.x-eventloop-thread-1] DEBUG io.netty.buffer.PooledByteBufAllocator -- -Dio.netty.allocator.numDirectArenas: 28
13:31:22.522 [vert.x-eventloop-thread-1] DEBUG io.netty.buffer.PooledByteBufAllocator -- -Dio.netty.allocator.pageSize: 8192
13:31:22.522 [vert.x-eventloop-thread-1] DEBUG io.netty.buffer.PooledByteBufAllocator -- -Dio.netty.allocator.maxOrder: 9
13:31:22.522 [vert.x-eventloop-thread-1] DEBUG io.netty.buffer.PooledByteBufAllocator -- -Dio.netty.allocator.chunkSize: 4194304
13:31:22.523 [vert.x-eventloop-thread-1] DEBUG io.netty.buffer.PooledByteBufAllocator -- -Dio.netty.allocator.smallCacheSize: 256
13:31:22.523 [vert.x-eventloop-thread-1] DEBUG io.netty.buffer.PooledByteBufAllocator -- -Dio.netty.allocator.normalCacheSize: 64
13:31:22.523 [vert.x-eventloop-thread-1] DEBUG io.netty.buffer.PooledByteBufAllocator -- -Dio.netty.allocator.maxCachedBufferCapacity: 32768
13:31:22.523 [vert.x-eventloop-thread-1] DEBUG io.netty.buffer.PooledByteBufAllocator -- -Dio.netty.allocator.cacheTrimInterval: 8192
13:31:22.523 [vert.x-eventloop-thread-1] DEBUG io.netty.buffer.PooledByteBufAllocator -- -Dio.netty.allocator.cacheTrimIntervalMillis: 0
13:31:22.523 [vert.x-eventloop-thread-1] DEBUG io.netty.buffer.PooledByteBufAllocator -- -Dio.netty.allocator.useCacheForAllThreads: false
13:31:22.523 [vert.x-eventloop-thread-1] DEBUG io.netty.buffer.PooledByteBufAllocator -- -Dio.netty.allocator.maxCachedByteBuffersPerChunk: 1023
13:31:22.523 [vert.x-eventloop-thread-1] DEBUG io.netty.buffer.PooledByteBufAllocator -- -Dio.netty.allocator.disableCacheFinalizersForFastThreadLocalThreads: false
13:31:22.532 [vert.x-eventloop-thread-1] DEBUG io.netty.channel.DefaultChannelId -- -Dio.netty.processId: 76594 (auto-detected)
13:31:22.533 [vert.x-eventloop-thread-1] DEBUG io.netty.channel.DefaultChannelId -- -Dio.netty.machineId: 76:4a:4e:ff:fe:6d:5c:3c (auto-detected)
13:31:22.539 [vert.x-eventloop-thread-1] DEBUG io.netty.buffer.ByteBufUtil -- -Dio.netty.allocator.type: pooled
13:31:22.539 [vert.x-eventloop-thread-1] DEBUG io.netty.buffer.ByteBufUtil -- -Dio.netty.threadLocalDirectBufferSize: 0
13:31:22.539 [vert.x-eventloop-thread-1] DEBUG io.netty.buffer.ByteBufUtil -- -Dio.netty.maxThreadLocalCharBufferSize: 16384
13:31:22.540 [vert.x-eventloop-thread-1] DEBUG io.netty.bootstrap.ChannelInitializerExtensions -- -Dio.netty.bootstrap.extensions: null
13:31:22.547 [vert.x-eventloop-thread-0] ERROR io.vertx.core.impl.launcher.commands.VertxIsolatedDeployer -- Failed in deploying verticle
java.net.BindException: Address already in use
	at java.base/sun.nio.ch.Net.bind0(Native Method)
	at java.base/sun.nio.ch.Net.bind(Net.java:555)
	at java.base/sun.nio.ch.ServerSocketChannelImpl.netBind(ServerSocketChannelImpl.java:337)
	at java.base/sun.nio.ch.ServerSocketChannelImpl.bind(ServerSocketChannelImpl.java:294)
	at io.netty.channel.socket.nio.NioServerSocketChannel.doBind(NioServerSocketChannel.java:141)
	at io.netty.channel.AbstractChannel$AbstractUnsafe.bind(AbstractChannel.java:561)
	at io.netty.channel.DefaultChannelPipeline$HeadContext.bind(DefaultChannelPipeline.java:1281)
	at io.netty.channel.AbstractChannelHandlerContext.invokeBind(AbstractChannelHandlerContext.java:600)
	at io.netty.channel.AbstractChannelHandlerContext.bind(AbstractChannelHandlerContext.java:579)
	at io.netty.channel.DefaultChannelPipeline.bind(DefaultChannelPipeline.java:922)
	at io.netty.channel.AbstractChannel.bind(AbstractChannel.java:259)
	at io.netty.bootstrap.AbstractBootstrap$2.run(AbstractBootstrap.java:380)
	at io.netty.util.concurrent.AbstractEventExecutor.runTask(AbstractEventExecutor.java:173)
	at io.netty.util.concurrent.AbstractEventExecutor.safeExecute(AbstractEventExecutor.java:166)
	at io.netty.util.concurrent.SingleThreadEventExecutor.runAllTasksFrom(SingleThreadEventExecutor.java:428)
	at io.netty.util.concurrent.SingleThreadEventExecutor.runAllTasks(SingleThreadEventExecutor.java:377)
	at io.netty.channel.nio.NioEventLoop.run(NioEventLoop.java:557)
	at io.netty.util.concurrent.SingleThreadEventExecutor$4.run(SingleThreadEventExecutor.java:998)
	at io.netty.util.internal.ThreadExecutorMap$2.run(ThreadExecutorMap.java:74)
	at io.netty.util.concurrent.FastThreadLocalRunnable.run(FastThreadLocalRunnable.java:30)
	at java.base/java.lang.Thread.run(Thread.java:840)
